# Bravais Lattice Basis
  0.50000000000000  0.50000000000000  0.00000000000000
  0.50000000000000  0.00000000000000  0.50000000000000
  0.00000000000000  0.50000000000000  0.50000000000000
# Spin axis
  0.00000000000000  0.00000000000000  0.00000000000000       l
# sites
     4
  0.25000000000000  0.25000000000000  0.25000000000000    27  l a
 -0.25000000000000 -0.25000000000000 -0.25000000000000    27  l a
  0.00000000000000  0.00000000000000  0.00000000000000    26  l a
  0.50000000000000  0.50000000000000  0.50000000000000    13  l a
# data vectors
  0.25000000000000  0.25000000000000  0.25000000000000    27  l a
 -0.25000000000000 -0.25000000000000 -0.25000000000000    27  l a
  0.00000000000000  0.00000000000000  0.00000000000000    26  l a
  0.50000000000000  0.50000000000000  0.50000000000000    13  l a

 spins = 0
 normalized spin axis (Wyckoff coordinates):
  0.00000000000000  0.00000000000000  0.00000000000000
 Hoholedry (cartesian coordinates): 48 elements
                        P

    0:  1.00000000  .000000000  .000000000
        .000000000  1.00000000  .000000000
        .000000000  .000000000  1.00000000

    1: -1.00000000  .000000000  .000000000
        .000000000  .000000000  1.00000000
        .000000000  1.00000000  .000000000

    2:  1.00000000  .000000000  .000000000
        .000000000  .000000000  1.00000000
        .000000000  1.00000000  .000000000

    3: -1.00000000  .000000000  .000000000
        .000000000  1.00000000  .000000000
        .000000000  .000000000  1.00000000

    4: -1.00000000  .000000000  .000000000
        .000000000 -1.00000000  .000000000
        .000000000  .000000000 -1.00000000

    5:  1.00000000  .000000000  .000000000
        .000000000  .000000000 -1.00000000
        .000000000 -1.00000000  .000000000

    6:  1.00000000  .000000000  .000000000
        .000000000 -1.00000000  .000000000
        .000000000  .000000000 -1.00000000

    7: -1.00000000  .000000000  .000000000
        .000000000  .000000000 -1.00000000
        .000000000 -1.00000000  .000000000

    8:  .000000000  .000000000  1.00000000
        .000000000  1.00000000  .000000000
        1.00000000  .000000000  .000000000

    9:  .000000000  1.00000000  .000000000
        .000000000  .000000000  1.00000000
        1.00000000  .000000000  .000000000

   10:  .000000000  1.00000000  .000000000
        .000000000  .000000000  1.00000000
       -1.00000000  .000000000  .000000000

   11:  .000000000  .000000000  1.00000000
        .000000000  1.00000000  .000000000
       -1.00000000  .000000000  .000000000

   12:  .000000000  1.00000000  .000000000
       -1.00000000  .000000000  .000000000
        .000000000  .000000000 -1.00000000

   13:  .000000000  .000000000  1.00000000
       -1.00000000  .000000000  .000000000
        .000000000 -1.00000000  .000000000

   14:  .000000000  .000000000  1.00000000
        1.00000000  .000000000  .000000000
        .000000000 -1.00000000  .000000000

   15:  .000000000  1.00000000  .000000000
        1.00000000  .000000000  .000000000
        .000000000  .000000000 -1.00000000

   16:  .000000000  .000000000 -1.00000000
        .000000000 -1.00000000  .000000000
       -1.00000000  .000000000  .000000000

   17:  .000000000 -1.00000000  .000000000
        .000000000  .000000000 -1.00000000
       -1.00000000  .000000000  .000000000

   18:  .000000000 -1.00000000  .000000000
        .000000000  .000000000 -1.00000000
        1.00000000  .000000000  .000000000

   19:  .000000000  .000000000 -1.00000000
        .000000000 -1.00000000  .000000000
        1.00000000  .000000000  .000000000

   20:  .000000000 -1.00000000  .000000000
        1.00000000  .000000000  .000000000
        .000000000  .000000000  1.00000000

   21:  .000000000  .000000000 -1.00000000
        1.00000000  .000000000  .000000000
        .000000000  1.00000000  .000000000

   22:  .000000000  .000000000 -1.00000000
       -1.00000000  .000000000  .000000000
        .000000000  1.00000000  .000000000

   23:  .000000000 -1.00000000  .000000000
       -1.00000000  .000000000  .000000000
        .000000000  .000000000  1.00000000

   24:  .000000000  1.00000000  .000000000
        1.00000000  .000000000  .000000000
        .000000000  .000000000  1.00000000

   25:  .000000000  .000000000  1.00000000
       -1.00000000  .000000000  .000000000
        .000000000  1.00000000  .000000000

   26:  .000000000  .000000000  1.00000000
        1.00000000  .000000000  .000000000
        .000000000  1.00000000  .000000000

   27:  .000000000  1.00000000  .000000000
       -1.00000000  .000000000  .000000000
        .000000000  .000000000  1.00000000

   28:  .000000000  .000000000  1.00000000
        .000000000 -1.00000000  .000000000
        1.00000000  .000000000  .000000000

   29:  .000000000  1.00000000  .000000000
        .000000000  .000000000 -1.00000000
       -1.00000000  .000000000  .000000000

   30:  .000000000  .000000000  1.00000000
        .000000000 -1.00000000  .000000000
       -1.00000000  .000000000  .000000000

   31:  .000000000  1.00000000  .000000000
        .000000000  .000000000 -1.00000000
        1.00000000  .000000000  .000000000

   32:  1.00000000  .000000000  .000000000
        .000000000 -1.00000000  .000000000
        .000000000  .000000000  1.00000000

   33:  1.00000000  .000000000  .000000000
        .000000000  .000000000 -1.00000000
        .000000000  1.00000000  .000000000

   34: -1.00000000  .000000000  .000000000
        .000000000  .000000000 -1.00000000
        .000000000  1.00000000  .000000000

   35: -1.00000000  .000000000  .000000000
        .000000000 -1.00000000  .000000000
        .000000000  .000000000  1.00000000

   36:  .000000000  .000000000 -1.00000000
        1.00000000  .000000000  .000000000
        .000000000 -1.00000000  .000000000

   37:  .000000000 -1.00000000  .000000000
       -1.00000000  .000000000  .000000000
        .000000000  .000000000 -1.00000000

   38:  .000000000 -1.00000000  .000000000
        1.00000000  .000000000  .000000000
        .000000000  .000000000 -1.00000000

   39:  .000000000  .000000000 -1.00000000
       -1.00000000  .000000000  .000000000
        .000000000 -1.00000000  .000000000

   40:  .000000000  .000000000 -1.00000000
        .000000000  1.00000000  .000000000
       -1.00000000  .000000000  .000000000

   41:  .000000000 -1.00000000  .000000000
        .000000000  .000000000  1.00000000
        1.00000000  .000000000  .000000000

   42:  .000000000 -1.00000000  .000000000
        .000000000  .000000000  1.00000000
       -1.00000000  .000000000  .000000000

   43:  .000000000  .000000000 -1.00000000
        .000000000  1.00000000  .000000000
        1.00000000  .000000000  .000000000

   44: -1.00000000  .000000000  .000000000
        .000000000  1.00000000  .000000000
        .000000000  .000000000 -1.00000000

   45: -1.00000000  .000000000  .000000000
        .000000000  .000000000  1.00000000
        .000000000 -1.00000000  .000000000

   46:  1.00000000  .000000000  .000000000
        .000000000  .000000000  1.00000000
        .000000000 -1.00000000  .000000000

   47:  1.00000000  .000000000  .000000000
        .000000000  1.00000000  .000000000
        .000000000  .000000000 -1.00000000
 Hoholedry (lattice coordinates): 48 elements
               P

    0:     1     0     0
           0     1     0
           0     0     1

    1:    -1     0     0
           0    -1     0
           1     1     1

    2:     0     1     0
           1     0     0
           0     0     1

    3:     0    -1     0
          -1     0     0
           1     1     1

    4:    -1     0     0
           0    -1     0
           0     0    -1

    5:     1     0     0
           0     1     0
          -1    -1    -1

    6:     0     1     0
           1     0     0
          -1    -1    -1

    7:     0    -1     0
          -1     0     0
           0     0    -1

    8:     0     0     1
           0     1     0
           1     0     0

    9:     0     0     1
           1     0     0
           0     1     0

   10:     1     1     1
           0    -1     0
          -1     0     0

   11:     1     1     1
          -1     0     0
           0    -1     0

   12:     0     0     1
           1     0     0
          -1    -1    -1

   13:     0     0     1
           0     1     0
          -1    -1    -1

   14:     1     1     1
          -1     0     0
           0     0    -1

   15:     1     1     1
           0    -1     0
           0     0    -1

   16:     0     0    -1
           0    -1     0
          -1     0     0

   17:     0     0    -1
          -1     0     0
           0    -1     0

   18:    -1    -1    -1
           0     1     0
           1     0     0

   19:    -1    -1    -1
           1     0     0
           0     1     0

   20:     0     0    -1
          -1     0     0
           1     1     1

   21:     0     0    -1
           0    -1     0
           1     1     1

   22:    -1    -1    -1
           1     0     0
           0     0     1

   23:    -1    -1    -1
           0     1     0
           0     0     1

   24:     1     0     0
           0     0     1
           0     1     0

   25:    -1     0     0
           1     1     1
           0    -1     0

   26:     0     1     0
           0     0     1
           1     0     0

   27:     0    -1     0
           1     1     1
          -1     0     0

   28:    -1     0     0
           1     1     1
           0     0    -1

   29:     1     0     0
           0     0     1
          -1    -1    -1

   30:     0     1     0
           0     0     1
          -1    -1    -1

   31:     0    -1     0
           1     1     1
           0     0    -1

   32:     0     0    -1
           1     1     1
          -1     0     0

   33:     0     0    -1
           1     1     1
           0    -1     0

   34:    -1    -1    -1
           0     0     1
           1     0     0

   35:    -1    -1    -1
           0     0     1
           0     1     0

   36:     1     0     0
          -1    -1    -1
           0     1     0

   37:    -1     0     0
           0     0    -1
           0    -1     0

   38:     0     1     0
          -1    -1    -1
           1     0     0

   39:     0    -1     0
           0     0    -1
          -1     0     0

   40:     1     0     0
          -1    -1    -1
           0     0     1

   41:    -1     0     0
           0     0    -1
           1     1     1

   42:     0     1     0
          -1    -1    -1
           0     0     1

   43:     0    -1     0
           0     0    -1
           1     1     1

   44:     0     0     1
          -1    -1    -1
           1     0     0

   45:     0     0     1
          -1    -1    -1
           0     1     0

   46:     1     1     1
           0     0    -1
          -1     0     0

   47:     1     1     1
           0     0    -1
           0    -1     0

 Preserve unit cell: order = 48
 group order: 48
 group in lattice coordinates:
               P

    0:     1     0     0
           0     1     0
           0     0     1

    1:    -1     0     0
           0    -1     0
           1     1     1

    2:     0     1     0
           1     0     0
           0     0     1

    3:     0    -1     0
          -1     0     0
           1     1     1

    4:    -1     0     0
           0    -1     0
           0     0    -1

    5:     1     0     0
           0     1     0
          -1    -1    -1

    6:     0     1     0
           1     0     0
          -1    -1    -1

    7:     0    -1     0
          -1     0     0
           0     0    -1

    8:     0     0     1
           0     1     0
           1     0     0

    9:     0     0     1
           1     0     0
           0     1     0

   10:     1     1     1
           0    -1     0
          -1     0     0

   11:     1     1     1
          -1     0     0
           0    -1     0

   12:     0     0     1
           1     0     0
          -1    -1    -1

   13:     0     0     1
           0     1     0
          -1    -1    -1

   14:     1     1     1
          -1     0     0
           0     0    -1

   15:     1     1     1
           0    -1     0
           0     0    -1

   16:     0     0    -1
           0    -1     0
          -1     0     0

   17:     0     0    -1
          -1     0     0
           0    -1     0

   18:    -1    -1    -1
           0     1     0
           1     0     0

   19:    -1    -1    -1
           1     0     0
           0     1     0

   20:     0     0    -1
          -1     0     0
           1     1     1

   21:     0     0    -1
           0    -1     0
           1     1     1

   22:    -1    -1    -1
           1     0     0
           0     0     1

   23:    -1    -1    -1
           0     1     0
           0     0     1

   24:     1     0     0
           0     0     1
           0     1     0

   25:    -1     0     0
           1     1     1
           0    -1     0

   26:     0     1     0
           0     0     1
           1     0     0

   27:     0    -1     0
           1     1     1
          -1     0     0

   28:    -1     0     0
           1     1     1
           0     0    -1

   29:     1     0     0
           0     0     1
          -1    -1    -1

   30:     0     1     0
           0     0     1
          -1    -1    -1

   31:     0    -1     0
           1     1     1
           0     0    -1

   32:     0     0    -1
           1     1     1
          -1     0     0

   33:     0     0    -1
           1     1     1
           0    -1     0

   34:    -1    -1    -1
           0     0     1
           1     0     0

   35:    -1    -1    -1
           0     0     1
           0     1     0

   36:     1     0     0
          -1    -1    -1
           0     1     0

   37:    -1     0     0
           0     0    -1
           0    -1     0

   38:     0     1     0
          -1    -1    -1
           1     0     0

   39:     0    -1     0
           0     0    -1
          -1     0     0

   40:     1     0     0
          -1    -1    -1
           0     0     1

   41:    -1     0     0
           0     0    -1
           1     1     1

   42:     0     1     0
          -1    -1    -1
           0     0     1

   43:     0    -1     0
           0     0    -1
           1     1     1

   44:     0     0     1
          -1    -1    -1
           1     0     0

   45:     0     0     1
          -1    -1    -1
           0     1     0

   46:     1     1     1
           0     0    -1
          -1     0     0

   47:     1     1     1
           0     0    -1
           0    -1     0

 group in cartesian coordinates:
                        P

    0:  1.00000000  .000000000  .000000000
        .000000000  1.00000000  .000000000
        .000000000  .000000000  1.00000000

    1: -1.00000000  .000000000  .000000000
        .000000000  .000000000  1.00000000
        .000000000  1.00000000  .000000000

    2:  1.00000000  .000000000  .000000000
        .000000000  .000000000  1.00000000
        .000000000  1.00000000  .000000000

    3: -1.00000000  .000000000  .000000000
        .000000000  1.00000000  .000000000
        .000000000  .000000000  1.00000000

    4: -1.00000000  .000000000  .000000000
        .000000000 -1.00000000  .000000000
        .000000000  .000000000 -1.00000000

    5:  1.00000000  .000000000  .000000000
        .000000000  .000000000 -1.00000000
        .000000000 -1.00000000  .000000000

    6:  1.00000000  .000000000  .000000000
        .000000000 -1.00000000  .000000000
        .000000000  .000000000 -1.00000000

    7: -1.00000000  .000000000  .000000000
        .000000000  .000000000 -1.00000000
        .000000000 -1.00000000  .000000000

    8:  .000000000  .000000000  1.00000000
        .000000000  1.00000000  .000000000
        1.00000000  .000000000  .000000000

    9:  .000000000  1.00000000  .000000000
        .000000000  .000000000  1.00000000
        1.00000000  .000000000  .000000000

   10:  .000000000  1.00000000  .000000000
        .000000000  .000000000  1.00000000
       -1.00000000  .000000000  .000000000

   11:  .000000000  .000000000  1.00000000
        .000000000  1.00000000  .000000000
       -1.00000000  .000000000  .000000000

   12:  .000000000  1.00000000  .000000000
       -1.00000